Arguments: 
  C:\Program Files\nodejs\node.exe C:\Users\erisc\AppData\Roaming\npm\node_modules\yarn\bin\yarn.js add react-helmet

PATH: 
  C:\WINDOWS\system32;C:\WINDOWS;C:\WINDOWS\System32\Wbem;C:\WINDOWS\System32\WindowsPowerShell\v1.0\;C:\WINDOWS\System32\OpenSSH\;C:\Program Files\Git\cmd;C:\ProgramData\chocolatey\bin;C:\Program Files\PostgreSQL\13\bin\;C:\Users\erisc\OneDrive\Bureau\geckodriver-v0.29.0-win64;C:\Program Files\Redis\;C:\Program Files\gettext-iconv\bin;C:\Users\erisc\AppData\Roaming\Python\Scripts;;C:\Program Files\Amazon\AWSCLIV2\;C:\Users\erisc\.poetry\bin;C:\Users\erisc\AppData\Local\Programs\Python\Python39\Scripts\;C:\Users\erisc\AppData\Local\Programs\Python\Python39\;C:\Users\erisc\AppData\Local\Programs\Python\Python310\Scripts\;C:\Users\erisc\AppData\Local\Programs\Python\Python310\;C:\Users\erisc\AppData\Local\Programs\Python\Python37\Scripts\;C:\Users\erisc\AppData\Local\Programs\Python\Python37\;C:\Users\erisc\AppData\Local\Programs\Python\Python38-32\Scripts\;C:\Users\erisc\AppData\Local\Programs\Python\Py;C:\Program Files\nodejs\;C:\Program Files\Docker\Docker\resources\bin;C:\ProgramData\DockerDesktop\version-bin;C:\Users\erisc\.poetry\bin;C:\Users\erisc\AppData\Local\Programs\Python\Python39\Scripts\;C:\Users\erisc\AppData\Local\Programs\Python\Python39\;C:\Users\erisc\AppData\Local\Programs\Python\Python310\Scripts\;C:\Users\erisc\AppData\Local\Programs\Python\Python310\;C:\Users\erisc\AppData\Local\Programs\Python\Python37\Scripts\;C:\Users\erisc\AppData\Local\Programs\Python\Python37\;C:\Users\erisc\AppData\Local\Programs\Python\Python38-32\Scripts\;C:\Users\erisc\AppData\Local\Programs\Python\Python38-32\;C:\Users\erisc\AppData\Roaming\Python\Python38\Scripts;C:\Users\erisc\AppData\Roaming\Python\Python38\;C:\Users\erisc\AppData\Local\Microsoft\WindowsApps;C:\Users\erisc\AppData\Local\Programs\Microsoft VS Code\bin;C:\Users\erisc\AppData\Local\GitHubDesktop\bin;C:\Users\erisc\AppData\Local\Microsoft\WindowsApps;C:\Program Files\heroku\bin;C:\Program Files\Redis\;C:\Program Files\gettext-iconv\bin;C:\Program Files\Amazon\AWSCLIV2\aws.exe;C:\Users\erisc\AppData\Roaming\npm

Yarn version: 
  1.22.17

Node version: 
  16.14.0

Platform: 
  win32 x64

Trace: 
  Error: EPERM: operation not permitted, unlink 'C:\Users\erisc\OneDrive\Bureau\Learning\my-projects\erischon-portfolio\node_modules\lmdb\prebuilds\win32-x64\node.abi93.node'

npm manifest: 
  {
    "name": "portfolio",
    "version": "1.0.0",
    "private": true,
    "description": "portfolio",
    "author": "Eri Schon",
    "keywords": [
      "gatsby"
    ],
    "scripts": {
      "develop": "gatsby develop",
      "start": "gatsby develop",
      "build": "gatsby build",
      "serve": "gatsby serve",
      "clean": "gatsby clean"
    },
    "dependencies": {
      "gatsby": "^4.8.0",
      "react": "^17.0.1",
      "react-dom": "^17.0.1"
    }
  }

yarn manifest: 
  No manifest

Lockfile: 
  No lockfile
